<?xml version="1.0" encoding="UTF-8"?>
<testsuite name="com.practice.UserPasswordTest" tests="1" skipped="0" failures="0" errors="0" timestamp="2021-05-27T19:59:30" hostname="DESKTOP-GF6545E" time="0.028">
  <properties/>
  <testcase name="givenPassword_WhenProper_ShouldReturnTrue()" classname="com.practice.UserPasswordTest" time="0.028"/>
  <system-out><![CDATA[]]></system-out>
  <system-err><![CDATA[]]></system-err>
</testsuite>
